<?xml version="1.0" encoding="UTF-8"?>
<testng-results ignored="0" total="1" passed="1" failed="0" skipped="0">
  <reporter-output>
  </reporter-output>
  <suite started-at="2024-02-24T13:28:50 GMT-05:00" name="Default suite" finished-at="2024-02-24T13:28:56 GMT-05:00" duration-ms="6009">
    <groups>
      <group name="cucumber">
        <method signature="AbstractTestNGCucumberTests.runScenario(io.cucumber.testng.PickleWrapper,io.cucumber.testng.FeatureWrapper)[pri:0, instance:com.SalesForce.Runner.Runner@206a70ef]" name="runScenario" class="io.cucumber.testng.AbstractTestNGCucumberTests"/>
      </group> <!-- cucumber -->
    </groups>
    <test started-at="2024-02-24T13:28:50 GMT-05:00" name="Default test" finished-at="2024-02-24T13:28:56 GMT-05:00" duration-ms="6009">
      <class name="com.SalesForce.Runner.Runner">
        <test-method is-config="true" signature="setUpClass(org.testng.ITestContext)[pri:0, instance:com.SalesForce.Runner.Runner@206a70ef]" started-at="2024-02-24T13:28:50 GMT-05:00" name="setUpClass" finished-at="2024-02-24T13:28:51 GMT-05:00" duration-ms="1006" status="PASS">
          <params>
            <param index="0">
              <value>
                <![CDATA[org.testng.TestRunner@606f81b5]]>
              </value>
            </param>
          </params>
          <reporter-output>
          </reporter-output>
        </test-method> <!-- setUpClass -->
        <test-method signature="runScenario(io.cucumber.testng.PickleWrapper,io.cucumber.testng.FeatureWrapper)[pri:0, instance:com.SalesForce.Runner.Runner@206a70ef]" started-at="2024-02-24T13:28:51 GMT-05:00" name="runScenario" description="Runs Cucumber Scenarios" data-provider="scenarios" finished-at="2024-02-24T13:28:56 GMT-05:00" duration-ms="4943" status="PASS">
          <params>
            <param index="0">
              <value>
                <![CDATA["valid username and empty password"]]>
              </value>
            </param>
            <param index="1">
              <value>
                <![CDATA["checking login functionality"]]>
              </value>
            </param>
          </params>
          <reporter-output>
          </reporter-output>
        </test-method> <!-- runScenario -->
        <test-method is-config="true" signature="tearDownClass()[pri:0, instance:com.SalesForce.Runner.Runner@206a70ef]" started-at="2024-02-24T13:28:56 GMT-05:00" name="tearDownClass" finished-at="2024-02-24T13:28:56 GMT-05:00" duration-ms="3" status="PASS">
          <reporter-output>
          </reporter-output>
        </test-method> <!-- tearDownClass -->
      </class> <!-- com.SalesForce.Runner.Runner -->
    </test> <!-- Default test -->
  </suite> <!-- Default suite -->
</testng-results>
