<?xml version="1.0" encoding="UTF-8"?>
<!-- Generated by org.testng.reporters.JUnitReportReporter -->
<testsuite hostname="DESKTOP-Q420O00" failures="1" tests="1" name="com.SalesForce.Runner.Runner" time="7.816" errors="0" timestamp="2024-02-25T21:38:22 GMT-05:00" skipped="0">
  <testcase classname="com.SalesForce.Runner.Runner" name="runScenario" time="7.816">
    <failure message="expected [Check Your Email | Salesforce] but found [Forgot Your Password | Salesforce]" type="java.lang.AssertionError">
      <![CDATA[java.lang.AssertionError: expected [Check Your Email | Salesforce] but found [Forgot Your Password | Salesforce]
at org.testng.Assert.fail(Assert.java:110)
at org.testng.Assert.failNotEquals(Assert.java:1577)
at org.testng.Assert.assertEqualsImpl(Assert.java:149)
at org.testng.Assert.assertEquals(Assert.java:131)
at org.testng.Assert.assertEquals(Assert.java:655)
at org.testng.Assert.assertEquals(Assert.java:665)
at com.SalesForce.StepDef.SalesForceStepDef.should_see_the_password_reset_message(SalesForceStepDef.java:197)
at ✽.should see the password reset message(file:///C:/Users/VIBIN/eclipse-workspace/SalesForceCucumberFrameWork/src/test/resources/features/SalesForceLogin.feature:42)
]]>
    </failure>
  </testcase> <!-- runScenario -->
  <system-out/>
</testsuite> <!-- com.SalesForce.Runner.Runner -->
